This is pdfTeX, Version 3.1415926-1.40.11 (Web2C 2010) (format=pdflatex 2011.2.3)  25 JUN 2011 17:44
entering extended mode
 restricted \write18 enabled.
 %&-line parsing enabled.
**pfc.tex
(./pfc.tex
LaTeX2e <2009/09/24>
Babel <v3.8l> and hyphenation patterns for english, dumylang, nohyphenation, ge
rman-x-2009-06-19, ngerman-x-2009-06-19, afrikaans, ancientgreek, ibycus, arabi
c, armenian, basque, bulgarian, catalan, pinyin, coptic, croatian, czech, danis
h, dutch, ukenglish, usenglishmax, esperanto, estonian, ethiopic, farsi, finnis
h, french, galician, german, ngerman, swissgerman, monogreek, greek, hungarian,
 icelandic, assamese, bengali, gujarati, hindi, kannada, malayalam, marathi, or
iya, panjabi, tamil, telugu, indonesian, interlingua, irish, italian, kurmanji,
 lao, latin, latvian, lithuanian, mongolian, mongolianlmc, bokmal, nynorsk, pol
ish, portuguese, romanian, russian, sanskrit, serbian, slovak, slovenian, spani
sh, swedish, turkish, turkmen, ukrainian, uppersorbian, welsh, loaded.
(./itsas_pfc.cls
Document Class: itsas_pfc 2007/03/06 Itsas document class
(c:/texlive/2010/texmf-dist/tex/latex/base/bk11.clo
File: bk11.clo 2007/10/19 v1.4h Standard LaTeX file (size option)
)
\c@part=\count79
\c@chapter=\count80
\c@section=\count81
\c@subsection=\count82
\c@subsubsection=\count83
\c@paragraph=\count84
\c@subparagraph=\count85
\c@figure=\count86
\c@table=\count87
\abovecaptionskip=\skip41
\belowcaptionskip=\skip42
\bibindent=\dimen102
)
(c:/texlive/2010/texmf-dist/tex/latex/base/inputenc.sty
Package: inputenc 2008/03/30 v1.1d Input encoding file
\inpenc@prehook=\toks14
\inpenc@posthook=\toks15

(c:/texlive/2010/texmf-dist/tex/latex/base/utf8.def
File: utf8.def 2008/04/05 v1.1m UTF-8 support for inputenc
Now handling font encoding OML ...
... no UTF-8 mapping file for font encoding OML
Now handling font encoding T1 ...
... processing UTF-8 mapping file for font encoding T1

(c:/texlive/2010/texmf-dist/tex/latex/base/t1enc.dfu
File: t1enc.dfu 2008/04/05 v1.1m UTF-8 support for inputenc
   defining Unicode char U+00A1 (decimal 161)
   defining Unicode char U+00A3 (decimal 163)
   defining Unicode char U+00AB (decimal 171)
   defining Unicode char U+00BB (decimal 187)
   defining Unicode char U+00BF (decimal 191)
   defining Unicode char U+00C0 (decimal 192)
   defining Unicode char U+00C1 (decimal 193)
   defining Unicode char U+00C2 (decimal 194)
   defining Unicode char U+00C3 (decimal 195)
   defining Unicode char U+00C4 (decimal 196)
   defining Unicode char U+00C5 (decimal 197)
   defining Unicode char U+00C6 (decimal 198)
   defining Unicode char U+00C7 (decimal 199)
   defining Unicode char U+00C8 (decimal 200)
   defining Unicode char U+00C9 (decimal 201)
   defining Unicode char U+00CA (decimal 202)
   defining Unicode char U+00CB (decimal 203)
   defining Unicode char U+00CC (decimal 204)
   defining Unicode char U+00CD (decimal 205)
   defining Unicode char U+00CE (decimal 206)
   defining Unicode char U+00CF (decimal 207)
   defining Unicode char U+00D0 (decimal 208)
   defining Unicode char U+00D1 (decimal 209)
   defining Unicode char U+00D2 (decimal 210)
   defining Unicode char U+00D3 (decimal 211)
   defining Unicode char U+00D4 (decimal 212)
   defining Unicode char U+00D5 (decimal 213)
   defining Unicode char U+00D6 (decimal 214)
   defining Unicode char U+00D8 (decimal 216)
   defining Unicode char U+00D9 (decimal 217)
   defining Unicode char U+00DA (decimal 218)
   defining Unicode char U+00DB (decimal 219)
   defining Unicode char U+00DC (decimal 220)
   defining Unicode char U+00DD (decimal 221)
   defining Unicode char U+00DE (decimal 222)
   defining Unicode char U+00DF (decimal 223)
   defining Unicode char U+00E0 (decimal 224)
   defining Unicode char U+00E1 (decimal 225)
   defining Unicode char U+00E2 (decimal 226)
   defining Unicode char U+00E3 (decimal 227)
   defining Unicode char U+00E4 (decimal 228)
   defining Unicode char U+00E5 (decimal 229)
   defining Unicode char U+00E6 (decimal 230)
   defining Unicode char U+00E7 (decimal 231)
   defining Unicode char U+00E8 (decimal 232)
   defining Unicode char U+00E9 (decimal 233)
   defining Unicode char U+00EA (decimal 234)
   defining Unicode char U+00EB (decimal 235)
   defining Unicode char U+00EC (decimal 236)
   defining Unicode char U+00ED (decimal 237)
   defining Unicode char U+00EE (decimal 238)
   defining Unicode char U+00EF (decimal 239)
   defining Unicode char U+00F0 (decimal 240)
   defining Unicode char U+00F1 (decimal 241)
   defining Unicode char U+00F2 (decimal 242)
   defining Unicode char U+00F3 (decimal 243)
   defining Unicode char U+00F4 (decimal 244)
   defining Unicode char U+00F5 (decimal 245)
   defining Unicode char U+00F6 (decimal 246)
   defining Unicode char U+00F8 (decimal 248)
   defining Unicode char U+00F9 (decimal 249)
   defining Unicode char U+00FA (decimal 250)
   defining Unicode char U+00FB (decimal 251)
   defining Unicode char U+00FC (decimal 252)
   defining Unicode char U+00FD (decimal 253)
   defining Unicode char U+00FE (decimal 254)
   defining Unicode char U+00FF (decimal 255)
   defining Unicode char U+0102 (decimal 258)
   defining Unicode char U+0103 (decimal 259)
   defining Unicode char U+0104 (decimal 260)
   defining Unicode char U+0105 (decimal 261)
   defining Unicode char U+0106 (decimal 262)
   defining Unicode char U+0107 (decimal 263)
   defining Unicode char U+010C (decimal 268)
   defining Unicode char U+010D (decimal 269)
   defining Unicode char U+010E (decimal 270)
   defining Unicode char U+010F (decimal 271)
   defining Unicode char U+0110 (decimal 272)
   defining Unicode char U+0111 (decimal 273)
   defining Unicode char U+0118 (decimal 280)
   defining Unicode char U+0119 (decimal 281)
   defining Unicode char U+011A (decimal 282)
   defining Unicode char U+011B (decimal 283)
   defining Unicode char U+011E (decimal 286)
   defining Unicode char U+011F (decimal 287)
   defining Unicode char U+0130 (decimal 304)
   defining Unicode char U+0131 (decimal 305)
   defining Unicode char U+0132 (decimal 306)
   defining Unicode char U+0133 (decimal 307)
   defining Unicode char U+0139 (decimal 313)
   defining Unicode char U+013A (decimal 314)
   defining Unicode char U+013D (decimal 317)
   defining Unicode char U+013E (decimal 318)
   defining Unicode char U+0141 (decimal 321)
   defining Unicode char U+0142 (decimal 322)
   defining Unicode char U+0143 (decimal 323)
   defining Unicode char U+0144 (decimal 324)
   defining Unicode char U+0147 (decimal 327)
   defining Unicode char U+0148 (decimal 328)
   defining Unicode char U+014A (decimal 330)
   defining Unicode char U+014B (decimal 331)
   defining Unicode char U+0150 (decimal 336)
   defining Unicode char U+0151 (decimal 337)
   defining Unicode char U+0152 (decimal 338)
   defining Unicode char U+0153 (decimal 339)
   defining Unicode char U+0154 (decimal 340)
   defining Unicode char U+0155 (decimal 341)
   defining Unicode char U+0158 (decimal 344)
   defining Unicode char U+0159 (decimal 345)
   defining Unicode char U+015A (decimal 346)
   defining Unicode char U+015B (decimal 347)
   defining Unicode char U+015E (decimal 350)
   defining Unicode char U+015F (decimal 351)
   defining Unicode char U+0160 (decimal 352)
   defining Unicode char U+0161 (decimal 353)
   defining Unicode char U+0162 (decimal 354)
   defining Unicode char U+0163 (decimal 355)
   defining Unicode char U+0164 (decimal 356)
   defining Unicode char U+0165 (decimal 357)
   defining Unicode char U+016E (decimal 366)
   defining Unicode char U+016F (decimal 367)
   defining Unicode char U+0170 (decimal 368)
   defining Unicode char U+0171 (decimal 369)
   defining Unicode char U+0178 (decimal 376)
   defining Unicode char U+0179 (decimal 377)
   defining Unicode char U+017A (decimal 378)
   defining Unicode char U+017B (decimal 379)
   defining Unicode char U+017C (decimal 380)
   defining Unicode char U+017D (decimal 381)
   defining Unicode char U+017E (decimal 382)
   defining Unicode char U+200C (decimal 8204)
   defining Unicode char U+2013 (decimal 8211)
   defining Unicode char U+2014 (decimal 8212)
   defining Unicode char U+2018 (decimal 8216)
   defining Unicode char U+2019 (decimal 8217)
   defining Unicode char U+201A (decimal 8218)
   defining Unicode char U+201C (decimal 8220)
   defining Unicode char U+201D (decimal 8221)
   defining Unicode char U+201E (decimal 8222)
   defining Unicode char U+2030 (decimal 8240)
   defining Unicode char U+2031 (decimal 8241)
   defining Unicode char U+2039 (decimal 8249)
   defining Unicode char U+203A (decimal 8250)
   defining Unicode char U+2423 (decimal 9251)
)
Now handling font encoding OT1 ...
... processing UTF-8 mapping file for font encoding OT1

(c:/texlive/2010/texmf-dist/tex/latex/base/ot1enc.dfu
File: ot1enc.dfu 2008/04/05 v1.1m UTF-8 support for inputenc
   defining Unicode char U+00A1 (decimal 161)
   defining Unicode char U+00A3 (decimal 163)
   defining Unicode char U+00B8 (decimal 184)
   defining Unicode char U+00BF (decimal 191)
   defining Unicode char U+00C5 (decimal 197)
   defining Unicode char U+00C6 (decimal 198)
   defining Unicode char U+00D8 (decimal 216)
   defining Unicode char U+00DF (decimal 223)
   defining Unicode char U+00E6 (decimal 230)
   defining Unicode char U+00EC (decimal 236)
   defining Unicode char U+00ED (decimal 237)
   defining Unicode char U+00EE (decimal 238)
   defining Unicode char U+00EF (decimal 239)
   defining Unicode char U+00F8 (decimal 248)
   defining Unicode char U+0131 (decimal 305)
   defining Unicode char U+0141 (decimal 321)
   defining Unicode char U+0142 (decimal 322)
   defining Unicode char U+0152 (decimal 338)
   defining Unicode char U+0153 (decimal 339)
   defining Unicode char U+2013 (decimal 8211)
   defining Unicode char U+2014 (decimal 8212)
   defining Unicode char U+2018 (decimal 8216)
   defining Unicode char U+2019 (decimal 8217)
   defining Unicode char U+201C (decimal 8220)
   defining Unicode char U+201D (decimal 8221)
)
Now handling font encoding OMS ...
... processing UTF-8 mapping file for font encoding OMS

(c:/texlive/2010/texmf-dist/tex/latex/base/omsenc.dfu
File: omsenc.dfu 2008/04/05 v1.1m UTF-8 support for inputenc
   defining Unicode char U+00A7 (decimal 167)
   defining Unicode char U+00B6 (decimal 182)
   defining Unicode char U+00B7 (decimal 183)
   defining Unicode char U+2020 (decimal 8224)
   defining Unicode char U+2021 (decimal 8225)
   defining Unicode char U+2022 (decimal 8226)
)
Now handling font encoding OMX ...
... no UTF-8 mapping file for font encoding OMX
Now handling font encoding U ...
... no UTF-8 mapping file for font encoding U
   defining Unicode char U+00A9 (decimal 169)
   defining Unicode char U+00AA (decimal 170)
   defining Unicode char U+00AE (decimal 174)
   defining Unicode char U+00BA (decimal 186)
   defining Unicode char U+02C6 (decimal 710)
   defining Unicode char U+02DC (decimal 732)
   defining Unicode char U+200C (decimal 8204)
   defining Unicode char U+2026 (decimal 8230)
   defining Unicode char U+2122 (decimal 8482)
   defining Unicode char U+2423 (decimal 9251)
))
(c:/texlive/2010/texmf-dist/tex/latex/tools/longtable.sty
Package: longtable 2004/02/01 v4.11 Multi-page Table package (DPC)
\LTleft=\skip43
\LTright=\skip44
\LTpre=\skip45
\LTpost=\skip46
\LTchunksize=\count88
\LTcapwidth=\dimen103
\LT@head=\box26
\LT@firsthead=\box27
\LT@foot=\box28
\LT@lastfoot=\box29
\LT@cols=\count89
\LT@rows=\count90
\c@LT@tables=\count91
\c@LT@chunks=\count92
\LT@p@ftn=\toks16
)
(c:/texlive/2010/texmf-dist/tex/latex/tools/array.sty
Package: array 2008/09/09 v2.4c Tabular extension package (FMi)
\col@sep=\dimen104
\extrarowheight=\dimen105
\NC@list=\toks17
\extratabsurround=\skip47
\backup@length=\skip48
)
(c:/texlive/2010/texmf-dist/tex/latex/url/url.sty
\Urlmuskip=\muskip10
Package: url 2006/04/12  ver 3.3  Verb mode for urls, etc.
)
(c:/texlive/2010/texmf-dist/tex/latex/amsfonts/amsfonts.sty
Package: amsfonts 2009/06/22 v3.00 Basic AMSFonts support
\@emptytoks=\toks18
\symAMSa=\mathgroup4
\symAMSb=\mathgroup5
LaTeX Font Info:    Overwriting math alphabet `\mathfrak' in version `bold'
(Font)                  U/euf/m/n --> U/euf/b/n on input line 96.
)
(c:/texlive/2010/texmf-dist/tex/latex/psnfss/pifont.sty
Package: pifont 2005/04/12 PSNFSS-v9.2a Pi font support (SPQR) 
LaTeX Font Info:    Try loading font information for U+pzd on input line 63.

(c:/texlive/2010/texmf-dist/tex/latex/psnfss/upzd.fd
File: upzd.fd 2001/06/04 font definitions for U/pzd.
)
LaTeX Font Info:    Try loading font information for U+psy on input line 64.

(c:/texlive/2010/texmf-dist/tex/latex/psnfss/upsy.fd
File: upsy.fd 2001/06/04 font definitions for U/psy.
))
(c:/texlive/2010/texmf-dist/tex/latex/graphics/graphicx.sty
Package: graphicx 1999/02/16 v1.0f Enhanced LaTeX Graphics (DPC,SPQR)

(c:/texlive/2010/texmf-dist/tex/latex/graphics/keyval.sty
Package: keyval 1999/03/16 v1.13 key=value parser (DPC)
\KV@toks@=\toks19
)
(c:/texlive/2010/texmf-dist/tex/latex/graphics/graphics.sty
Package: graphics 2009/02/05 v1.0o Standard LaTeX Graphics (DPC,SPQR)

(c:/texlive/2010/texmf-dist/tex/latex/graphics/trig.sty
Package: trig 1999/03/16 v1.09 sin cos tan (DPC)
)
(c:/texlive/2010/texmf-dist/tex/latex/latexconfig/graphics.cfg
File: graphics.cfg 2010/04/23 v1.9 graphics configuration of TeX Live
)
Package graphics Info: Driver file: pdftex.def on input line 91.

(c:/texlive/2010/texmf-dist/tex/latex/pdftex-def/pdftex.def
File: pdftex.def 2011/01/28 v0.05d Graphics/color for pdfTeX
\Gread@gobject=\count93
))
\Gin@req@height=\dimen106
\Gin@req@width=\dimen107
)
(c:/texlive/2010/texmf-dist/tex/generic/babel/babel.sty
Package: babel 2008/07/06 v3.8l The Babel package

(c:/texlive/2010/texmf-dist/tex/generic/babel/spanish.ldf
Language: spanish.ldf 2009/01/02 v5.0h Spanish support from the babel system

(c:/texlive/2010/texmf-dist/tex/generic/babel/babel.def
File: babel.def 2008/07/06 v3.8l Babel common definitions
\babel@savecnt=\count94
\U@D=\dimen108
)
\es@datefmt=\count95
\es@quottoks=\toks20
\es@quotdepth=\count96
Package babel Info: Making " an active character on input line 492.
Package babel Info: Making . an active character on input line 585.
Package babel Info: Making < an active character on input line 630.
Package babel Info: Making > an active character on input line 630.
))
(c:/texlive/2010/texmf-dist/tex/latex/base/fontenc.sty
Package: fontenc 2005/09/27 v1.99g Standard LaTeX package

(c:/texlive/2010/texmf-dist/tex/latex/base/t1enc.def
File: t1enc.def 2005/09/27 v1.99g Standard LaTeX file
LaTeX Font Info:    Redeclaring font encoding T1 on input line 43.
))
(./config/pfc_options.tex
(c:/texlive/2010/texmf-dist/tex/latex/fancyhdr/fancyhdr.sty
\fancy@headwidth=\skip49
\f@ncyO@elh=\skip50
\f@ncyO@erh=\skip51
\f@ncyO@olh=\skip52
\f@ncyO@orh=\skip53
\f@ncyO@elf=\skip54
\f@ncyO@erf=\skip55
\f@ncyO@olf=\skip56
\f@ncyO@orf=\skip57
)
(c:/texlive/2010/texmf-dist/tex/latex/graphics/color.sty
Package: color 2005/11/14 v1.0j Standard LaTeX Color (DPC)

(c:/texlive/2010/texmf-dist/tex/latex/latexconfig/color.cfg
File: color.cfg 2007/01/18 v1.5 color configuration of teTeX/TeXLive
)
Package color Info: Driver file: pdftex.def on input line 130.
)
(c:/texlive/2010/texmf-dist/tex/latex/rotating/rotating.sty
Package: rotating 2009/03/28 v2.16a rotated objects in LaTeX

(c:/texlive/2010/texmf-dist/tex/latex/base/ifthen.sty
Package: ifthen 2001/05/26 v1.1c Standard LaTeX ifthen package (DPC)
)
\c@r@tfl@t=\count97
\rotFPtop=\skip58
\rotFPbot=\skip59
\rot@float@box=\box30
\rot@mess@toks=\toks21
)
(c:/texlive/2010/texmf-dist/tex/latex/minitoc/minitoc.sty
Package: minitoc 2008/07/16 v60 Package minitoc (JPFD)

(c:/texlive/2010/texmf-dist/tex/latex/minitoc/mtcmess.sty
Package: mtcmess 2006/03/14
)
Package minitoc Info: I0001
(minitoc)             *** minitoc package, version 60 ***.
\tf@mtc=\write3
\mtcindent=\skip60
\mtcskipamount=\skip61
Package minitoc Info: I0005
(minitoc)             compatible with hyperref.
Package minitoc Info: I0023
(minitoc)             part level macros available.
Package minitoc Info: I0003
(minitoc)             chapter level macros available.
\mtc@toks=\toks22
\mtc@strutbox=\box31
\mtc@hstrutbox=\box32
Package minitoc Info: I0002
(minitoc)             Autoconfiguration of extensions.
\openout3 = `pfc.mtc0'.

\openout3 = `pfc.mtc'.

 (./pfc.mtc0)
Package minitoc Info: I0012
(minitoc)             Long extensions (Unix-like) will be used.
Package minitoc Info: I0031
(minitoc)             ==> this version is configured for UNIX-like 
(minitoc)                 (long extensions) file names.
\openout3 = `pfc.mtc'.

\openout3 = `pfc.mtc0'.

\c@mtc=\count98
\c@minitocdepth=\count99
\c@ptc=\count100
\c@parttocdepth=\count101
\ptcindent=\skip62
Package minitoc Info: I0010
(minitoc)             The english language is selected.
(minitoc)              on input line 4910.

(c:/texlive/2010/texmf-dist/tex/latex/minitoc/english.mld
File: english.mld 2006/01/13
)
(c:/texlive/2010/texmf-dist/tex/latex/minitoc/english.mld
File: english.mld 2006/01/13
))
(c:/texlive/2010/texmf-dist/tex/generic/epsf/epsf.sty
This is `epsf.tex' v2.7.3 <23 July 2005>
\epsffilein=\read1
\epsfframemargin=\dimen109
\epsfframethickness=\dimen110
\epsfrsize=\dimen111
\epsftmp=\dimen112
\epsftsize=\dimen113
\epsfxsize=\dimen114
\epsfysize=\dimen115
\pspoints=\dimen116
) (c:/texlive/2010/texmf-dist/tex/latex/textpos/textpos.sty
Package: textpos 2010/09/30 v1.7g

Package: `textpos' 1.7g <2010 September 30>
(c:/texlive/2010/texmf-dist/tex/latex/ms/everyshi.sty
Package: everyshi 2001/05/15 v3.00 EveryShipout Package (MS)
)
\TP@textbox=\box33
\TP@holdbox=\box34
\TPHorizModule=\dimen117
\TPVertModule=\dimen118
\TP@margin=\dimen119
\TP@absmargin=\dimen120

Grid set 16 x 16 = 37.34424pt x 52.81541pt
\TPboxrulesize=\dimen121
\TP@ox=\dimen122
\TP@oy=\dimen123
\TP@tbargs=\toks23
\TP@prevdepth=\dimen124
TextBlockOrigin set to 0pt x 0pt
)) (./config/rename.tex) (./pfc.aux

LaTeX Warning: Label `chap:introduction' multiply defined.


LaTeX Warning: Label `fig:iteracion1:casosUso' multiply defined.

)
\openout1 = `pfc.aux'.

LaTeX Font Info:    Checking defaults for OML/cmm/m/it on input line 68.
LaTeX Font Info:    ... okay on input line 68.
LaTeX Font Info:    Checking defaults for T1/cmr/m/n on input line 68.
LaTeX Font Info:    ... okay on input line 68.
LaTeX Font Info:    Checking defaults for OT1/cmr/m/n on input line 68.
LaTeX Font Info:    ... okay on input line 68.
LaTeX Font Info:    Checking defaults for OMS/cmsy/m/n on input line 68.
LaTeX Font Info:    ... okay on input line 68.
LaTeX Font Info:    Checking defaults for OMX/cmex/m/n on input line 68.
LaTeX Font Info:    ... okay on input line 68.
LaTeX Font Info:    Checking defaults for U/cmr/m/n on input line 68.
LaTeX Font Info:    ... okay on input line 68.
 (c:/texlive/2010/texmf-dist/tex/context/base/supp-pdf.mkii
[Loading MPS to PDF converter (version 2006.09.02).]
\scratchcounter=\count102
\scratchdimen=\dimen125
\scratchbox=\box35
\nofMPsegments=\count103
\nofMParguments=\count104
\everyMPshowfont=\toks24
\MPscratchCnt=\count105
\MPscratchDim=\dimen126
\MPnumerator=\count106
\everyMPtoPDFconversion=\toks25
) (c:/texlive/2010/texmf-dist/tex/generic/oberdiek/pdftexcmds.sty
Package: pdftexcmds 2010/04/01 v0.9 Utility functions of pdfTeX for LuaTeX (HO)


(c:/texlive/2010/texmf-dist/tex/generic/oberdiek/infwarerr.sty
Package: infwarerr 2010/04/08 v1.3 Providing info/warning/message (HO)
)
(c:/texlive/2010/texmf-dist/tex/generic/oberdiek/ifluatex.sty
Package: ifluatex 2010/03/01 v1.3 Provides the ifluatex switch (HO)
Package ifluatex Info: LuaTeX not detected.
)
(c:/texlive/2010/texmf-dist/tex/generic/oberdiek/ltxcmds.sty
Package: ltxcmds 2010/04/26 v1.7 LaTeX kernel commands for general use (HO)
)
Package pdftexcmds Info: LuaTeX not detected.
Package pdftexcmds Info: \pdf@primitive is available.
Package pdftexcmds Info: \pdf@ifprimitive is available.
)
(c:/texlive/2010/texmf-dist/tex/latex/oberdiek/epstopdf-base.sty
Package: epstopdf-base 2010/02/09 v2.5 Base part for package epstopdf

(c:/texlive/2010/texmf-dist/tex/latex/oberdiek/grfext.sty
Package: grfext 2007/09/30 v1.0 Managing graphics extensions (HO)
)
(c:/texlive/2010/texmf-dist/tex/latex/oberdiek/kvoptions.sty
Package: kvoptions 2010/02/22 v3.7 Keyval support for LaTeX options (HO)

(c:/texlive/2010/texmf-dist/tex/generic/oberdiek/kvsetkeys.sty
Package: kvsetkeys 2010/03/01 v1.9 Key value parser (HO)

(c:/texlive/2010/texmf-dist/tex/generic/oberdiek/etexcmds.sty
Package: etexcmds 2010/01/28 v1.3 Prefix for e-TeX command names (HO)
Package etexcmds Info: Could not find \expanded.
(etexcmds)             That can mean that you are not using pdfTeX 1.50 or
(etexcmds)             that some package has redefined \expanded.
(etexcmds)             In the latter case, load this package earlier.
)))
Package grfext Info: Graphics extension search list:
(grfext)             [.png,.pdf,.jpg,.mps,.jpeg,.jbig2,.jb2,.PNG,.PDF,.JPG,.JPE
G,.JBIG2,.JB2,.eps]
(grfext)             \AppendGraphicsExtensions on input line 436.

(c:/texlive/2010/texmf-dist/tex/latex/latexconfig/epstopdf-sys.cfg
File: epstopdf-sys.cfg 2010/07/13 v1.3 Configuration of (r)epstopdf for TeX Liv
e
))
Package minitoc(hints) Info: I0049
(minitoc(hints))             ==> You requested the hints option. 
(minitoc(hints))             Some hints are eventually given below.

ABD: EveryShipout initializing macros (./cover/cover.tex
Package epstopdf Info: Source file: <images/ingInformatica.eps>
(epstopdf)                    date: 2011-04-07 16:13:24
(epstopdf)                    size: 322535 bytes
(epstopdf)             Output file: <images/ingInformatica-eps-converted-to.pdf
>
(epstopdf)                    date: 2011-04-07 16:57:30
(epstopdf)                    size: 106217 bytes
(epstopdf)             Command: <repstopdf --outfile=images/ingInformatica-eps-
converted-to.pdf images/ingInformatica.eps>
(epstopdf)             \includegraphics on input line 29.
Package epstopdf Info: Output file is already uptodate.

<images/ingInformatica-eps-converted-to.pdf, id=1, 420.57124pt x 459.7175pt>
File: images/ingInformatica-eps-converted-to.pdf Graphic file (type pdf)

<use images/ingInformatica-eps-converted-to.pdf>
LaTeX Font Info:    Try loading font information for U+msa on input line 38.

(c:/texlive/2010/texmf-dist/tex/latex/amsfonts/umsa.fd
File: umsa.fd 2009/06/22 v3.00 AMS symbols A
)
LaTeX Font Info:    Try loading font information for U+msb on input line 38.

(c:/texlive/2010/texmf-dist/tex/latex/amsfonts/umsb.fd
File: umsb.fd 2009/06/22 v3.00 AMS symbols B
)
Overfull \hbox (68.21149pt too wide) in paragraph at lines 38--38
 [] 
 []

[1{c:/texlive/2010/texmf-var/fonts/map/pdftex/updmap/pdftex.map}

 <./images/ingInformatica-eps-converted-to.pdf>] [2

]) (./cover/supervisorApproval.tex
Package epstopdf Info: Source file: <images/ingInformatica.eps>
(epstopdf)                    date: 2011-04-07 16:13:24
(epstopdf)                    size: 322535 bytes
(epstopdf)             Output file: <images/ingInformatica-eps-converted-to.pdf
>
(epstopdf)                    date: 2011-04-07 16:57:30
(epstopdf)                    size: 106217 bytes
(epstopdf)             Command: <repstopdf --outfile=images/ingInformatica-eps-
converted-to.pdf images/ingInformatica.eps>
(epstopdf)             \includegraphics on input line 8.
Package epstopdf Info: Output file is already uptodate.
File: images/ingInformatica-eps-converted-to.pdf Graphic file (type pdf)

<use images/ingInformatica-eps-converted-to.pdf>
Package epstopdf Info: Source file: <images/uc.eps>
(epstopdf)                    date: 2011-04-07 16:13:24
(epstopdf)                    size: 11602750 bytes
(epstopdf)             Output file: <images/uc-eps-converted-to.pdf>
(epstopdf)                    date: 2011-04-26 18:18:35
(epstopdf)                    size: 48110 bytes
(epstopdf)             Command: <repstopdf --outfile=images/uc-eps-converted-to
.pdf images/uc.eps>
(epstopdf)             \includegraphics on input line 16.
Package epstopdf Info: Output file is already uptodate.

<images/uc-eps-converted-to.pdf, id=17, 414.54875pt x 416.55624pt>
File: images/uc-eps-converted-to.pdf Graphic file (type pdf)

<use images/uc-eps-converted-to.pdf>
Overfull \hbox (22.77269pt too wide) in paragraph at lines 7--18
[][] 
 []


Underfull \hbox (badness 10000) in paragraph at lines 20--21

 []


Underfull \hbox (badness 10000) in paragraph at lines 20--21

 []


Underfull \hbox (badness 10000) in paragraph at lines 24--25

 []


Underfull \hbox (badness 10000) in paragraph at lines 24--25

 []


Underfull \hbox (badness 10000) in paragraph at lines 24--25

 []


Underfull \hbox (badness 10000) in paragraph at lines 28--29

 []


Underfull \hbox (badness 10000) in paragraph at lines 28--29

 []


Underfull \hbox (badness 10000) in paragraph at lines 34--35

 []


Underfull \hbox (badness 10000) in paragraph at lines 34--35

 []


Underfull \hbox (badness 10000) in paragraph at lines 38--39

 []


Underfull \hbox (badness 10000) in paragraph at lines 38--39

 []

) (./cover/firstPage.tex
Package epstopdf Info: Source file: <images/uc.eps>
(epstopdf)                    date: 2011-04-07 16:13:24
(epstopdf)                    size: 11602750 bytes
(epstopdf)             Output file: <images/uc-eps-converted-to.pdf>
(epstopdf)                    date: 2011-04-26 18:18:35
(epstopdf)                    size: 48110 bytes
(epstopdf)             Command: <repstopdf --outfile=images/uc-eps-converted-to
.pdf images/uc.eps>
(epstopdf)             \includegraphics on input line 2.
Package epstopdf Info: Output file is already uptodate.
File: images/uc-eps-converted-to.pdf Graphic file (type pdf)
 <use images/uc-eps-converted-to.pdf> [3

 <./images/uc-eps-converted-to.pdf>]
Overfull \hbox (41.0pt too wide) in paragraph at lines 16--22
[][] 
 []


Underfull \hbox (badness 10000) in paragraph at lines 31--32

 []


Underfull \hbox (badness 10000) in paragraph at lines 41--42

 []


Overfull \hbox (10.32182pt too wide) in paragraph at lines 43--44
[]\T1/cmr/m/n/10.95 Este Tri-bu-nal ha re-suel-to otor-gar la ca-li-fi-ca-ción 
de: ...................................... 
 []


Overfull \hbox (17.83658pt too wide) in paragraph at lines 46--65
 [] 
 []

) (./config/begin.tex) (./cover/acknowledgements.tex [1] [2

])
(./introduction/preface-lff.tex [3

] [4

]
Underfull \hbox (badness 10000) in paragraph at lines 14--16

 []


Underfull \hbox (badness 10000) in paragraph at lines 17--19

 []


Underfull \hbox (badness 10000) in paragraph at lines 20--22

 []


Underfull \hbox (badness 10000) in paragraph at lines 23--25

 []

[5

] [6

]
Underfull \hbox (badness 10000) in paragraph at lines 32--34

 []


Underfull \hbox (badness 10000) in paragraph at lines 35--37

 []


Underfull \hbox (badness 10000) in paragraph at lines 38--40

 []


Underfull \hbox (badness 10000) in paragraph at lines 42--44

 []

) (./config/toc.tex
Package minitoc Info: I0024
(minitoc)             PREPARING MINITOCS FROM pfc.toc on input line 2.
Package minitoc Info: I0033
(minitoc)             Writing pfc.mtc1.
\openout3 = `pfc.mtc1'.

Package minitoc Info: I0033
(minitoc)             Writing pfc.mtc2.
\openout3 = `pfc.mtc2'.

Package minitoc Info: I0033
(minitoc)             Writing pfc.mtc3.
\openout3 = `pfc.mtc3'.

Package minitoc Info: I0033
(minitoc)             Writing pfc.mtc4.
\openout3 = `pfc.mtc4'.

Package minitoc Info: I0033
(minitoc)             Writing pfc.mtc5.
\openout3 = `pfc.mtc5'.

Package minitoc Info: I0033
(minitoc)             Writing pfc.mtc6.
\openout3 = `pfc.mtc6'.

Package minitoc Info: I0033
(minitoc)             Writing pfc.mtc7.
\openout3 = `pfc.mtc7'.

Package minitoc Info: I0033
(minitoc)             Writing pfc.mtc8.
\openout3 = `pfc.mtc8'.

Package minitoc Info: I0033
(minitoc)             Writing pfc.mtc9.
\openout3 = `pfc.mtc9'.

 [7

] [8

] (./pfc.toc [9])
\tf@toc=\write4
\openout4 = `pfc.toc'.

 [10] (./pfc.lof)
\tf@lof=\write5
\openout5 = `pfc.lof'.

 [11

] [12

]
(./pfc.lot)
\tf@lot=\write6
\openout6 = `pfc.lot'.

 [13] [14

]) (./Config/headers.tex) (./config/chapters.tex)
(./introduction/introduction.tex
Cap\'{\i }tulo 1.
\openout3 = `pfc.mtc'.

\openout3 = `pfc.mtc'.

(./pfc.mtc1)
Underfull \vbox (badness 1845) has occurred while \output is active []

 [1


]
Underfull \hbox (badness 10000) in paragraph at lines 50--51

 []


Underfull \hbox (badness 10000) in paragraph at lines 55--56

 []


Underfull \hbox (badness 10000) in paragraph at lines 61--62

 []


Underfull \hbox (badness 10000) in paragraph at lines 67--68

 []


Underfull \hbox (badness 10000) in paragraph at lines 73--74

 []


Underfull \hbox (badness 10000) in paragraph at lines 75--77

 []


Underfull \hbox (badness 10000) in paragraph at lines 81--82

 []

[2]
Underfull \hbox (badness 10000) in paragraph at lines 87--88

 []

) (./planificacion/planificacion.tex [3] [4

]
Cap\'{\i }tulo 2.
\openout3 = `pfc.mtc'.

\openout3 = `pfc.mtc'.

(./pfc.mtc2)
Underfull \hbox (badness 10000) in paragraph at lines 24--25

 []


Underfull \hbox (badness 10000) in paragraph at lines 34--46

 []

[5

]
Underfull \hbox (badness 10000) in paragraph at lines 47--49

 []


Underfull \hbox (badness 10000) in paragraph at lines 57--60

 []


Underfull \hbox (badness 10000) in paragraph at lines 67--69

 []

[6]
Underfull \hbox (badness 10000) in paragraph at lines 97--99

 []


Underfull \hbox (badness 10000) in paragraph at lines 100--102

 []


Underfull \hbox (badness 10000) in paragraph at lines 112--114

 []

[7]
Underfull \hbox (badness 10000) in paragraph at lines 115--117

 []


Underfull \hbox (badness 10000) in paragraph at lines 119--122

 []

<planificacion/iteracionIncremento.png, id=101, 517.18219pt x 403.5075pt>
File: planificacion/iteracionIncremento.png Graphic file (type png)

<use planificacion/iteracionIncremento.png>
Underfull \hbox (badness 10000) in paragraph at lines 131--133

 []

[8 <./planificacion/iteracionIncremento.png>]
<planificacion/trabajoFases.png, id=109, 335.00156pt x 173.89969pt>
File: planificacion/trabajoFases.png Graphic file (type png)

<use planificacion/trabajoFases.png>
Underfull \hbox (badness 10000) in paragraph at lines 156--158

 []


Underfull \hbox (badness 10000) in paragraph at lines 159--161

 []

[9 <./planificacion/trabajoFases.png>]
<planificacion/casosUsoSistema2.png, id=114, 731.73375pt x 501.37312pt>
File: planificacion/casosUsoSistema2.png Graphic file (type png)

<use planificacion/casosUsoSistema2.png>
Underfull \hbox (badness 10000) in paragraph at lines 196--226

 []

[10 <./planificacion/casosUsoSistema2.png>]
Overfull \hbox (18.93263pt too wide) in paragraph at lines 231--280
[][] 
 []

[11]
LaTeX Font Info:    Try loading font information for OMS+cmr on input line 292.

 (c:/texlive/2010/texmf-dist/tex/latex/base/omscmr.fd
File: omscmr.fd 1999/05/25 v2.5h Standard LaTeX font definitions
)
LaTeX Font Info:    Font shape `OMS/cmr/m/n' in size <10.95> not available
(Font)              Font shape `OMS/cmsy/m/n' tried instead on input line 292.

Underfull \hbox (badness 10000) in paragraph at lines 324--326

 []


Underfull \hbox (badness 10000) in paragraph at lines 327--329

 []


Underfull \hbox (badness 10000) in paragraph at lines 335--338

 []

[12]
Underfull \hbox (badness 10000) in paragraph at lines 339--341

 []


Underfull \hbox (badness 10000) in paragraph at lines 342--344

 []

)
Underfull \hbox (badness 10000) in paragraph at lines 345--98

 []

(./background/background.tex [13] [14

]
Cap\'{\i }tulo 3.

Underfull \hbox (badness 10000) in paragraph at lines 15--17

 []

\openout3 = `pfc.mtc'.

\openout3 = `pfc.mtc'.

(./pfc.mtc3)
Underfull \hbox (badness 10000) in paragraph at lines 25--27

 []


Underfull \hbox (badness 10000) in paragraph at lines 28--30

 []

[15

]
Overfull \hbox (16.36029pt too wide) in paragraph at lines 31--33
[]\T1/cmr/m/n/10.95 El fun-cio-na-mien-to de la red es-tá es-tan-da-ri-za-do si
en-do el pro-to-co-lo TCP/IP[[]]
 []


Underfull \hbox (badness 10000) in paragraph at lines 31--33

 []


Underfull \hbox (badness 10000) in paragraph at lines 39--41

 []


Underfull \hbox (badness 10000) in paragraph at lines 43--45

 []


Underfull \hbox (badness 10000) in paragraph at lines 53--55

 []


Underfull \hbox (badness 10000) in paragraph at lines 62--64

 []


LaTeX Warning: Citation `SO:2006' on page 16 undefined on input line 73.

[16]
Underfull \hbox (badness 10000) in paragraph at lines 82--84

 []


Underfull \hbox (badness 10000) in paragraph at lines 86--88

 []


Underfull \hbox (badness 10000) in paragraph at lines 94--96

 []


Underfull \hbox (badness 10000) in paragraph at lines 97--99

 []

) [17] (./arquitectura/arquitectura.tex [18]
Cap\'{\i }tulo 4.
\openout3 = `pfc.mtc'.

\openout3 = `pfc.mtc'.

(./pfc.mtc4)
Underfull \hbox (badness 10000) in paragraph at lines 21--23

 []

<arquitectura/componentes.png, id=148, 718.93594pt x 280.79906pt>
File: arquitectura/componentes.png Graphic file (type png)

<use arquitectura/componentes.png>
Underfull \hbox (badness 10000) in paragraph at lines 33--35

 []

[19


 <./arquitectura/componentes.png (PNG copy)>]
<arquitectura/despliegueSistema.png, id=152, 383.18156pt x 368.1253pt>
File: arquitectura/despliegueSistema.png Graphic file (type png)

<use arquitectura/despliegueSistema.png>
Underfull \hbox (badness 10000) in paragraph at lines 43--45

 []


Underfull \hbox (badness 10000) in paragraph at lines 46--48

 []

[20 <./arquitectura/despliegueSistema.png (PNG copy)>]
<arquitectura/actividadSistema4.png, id=157, 792.71156pt x 707.64375pt>
File: arquitectura/actividadSistema4.png Graphic file (type png)

<use arquitectura/actividadSistema4.png>
Underfull \hbox (badness 10000) in paragraph at lines 63--65

 []

<arquitectura/estadosAlumno3.png, id=158, 758.08218pt x 616.55344pt>
File: arquitectura/estadosAlumno3.png Graphic file (type png)

<use arquitectura/estadosAlumno3.png>
Underfull \hbox (badness 10000) in paragraph at lines 75--77

 []


Underfull \hbox (badness 10000) in paragraph at lines 80--82

 []

[21 <./arquitectura/actividadSistema4.png (PNG copy)>]
Underfull \hbox (badness 10000) in paragraph at lines 83--85

 []


Underfull \hbox (badness 10000) in paragraph at lines 86--88

 []


Underfull \hbox (badness 10000) in paragraph at lines 90--92

 []

[22 <./arquitectura/estadosAlumno3.png (PNG copy)>]
Underfull \hbox (badness 10000) in paragraph at lines 93--95

 []


Underfull \hbox (badness 10000) in paragraph at lines 96--98

 []

) (./iteracion1/iteracion1.tex [23] [24

]
Cap\'{\i }tulo 5.

Underfull \hbox (badness 10000) in paragraph at lines 14--16

 []


Underfull \hbox (badness 10000) in paragraph at lines 18--20

 []


Underfull \hbox (badness 10000) in paragraph at lines 21--23

 []


Underfull \hbox (badness 10000) in paragraph at lines 24--26

 []

\openout3 = `pfc.mtc'.

\openout3 = `pfc.mtc'.

(./pfc.mtc5)
Overfull \hbox (18.93263pt too wide) in paragraph at lines 32--54
[][] 
 []


Overfull \hbox (18.93263pt too wide) in paragraph at lines 60--106
[][] 
 []


LaTeX Warning: No positions in optional float specifier.
               Default added (so using `tbp') on input line 111.

<iteracion1/casosUso.png, id=171, 735.49782pt x 505.89pt>
File: iteracion1/casosUso.png Graphic file (type png)

<use iteracion1/casosUso.png>
Underfull \hbox (badness 10000) in paragraph at lines 126--128

 []

[25

] [26] <iteracion1/GUIProfesor.png, id=179, 451.6875pt x 444.91219pt>
File: iteracion1/GUIProfesor.png Graphic file (type png)

<use iteracion1/GUIProfesor.png>
<iteracion1/GUIAlumno.png, id=180, 451.6875pt x 277.78781pt>
File: iteracion1/GUIAlumno.png Graphic file (type png)

<use iteracion1/GUIAlumno.png>
Underfull \hbox (badness 10000) in paragraph at lines 150--152

 []

<iteracion1/secConectar.png, id=181, 574.39594pt x 324.46219pt>
File: iteracion1/secConectar.png Graphic file (type png)

<use iteracion1/secConectar.png>
Underfull \hbox (badness 10000) in paragraph at lines 160--162

 []

[27 <./iteracion1/casosUso.png (PNG copy)>] [28 <./iteracion1/GUIProfesor.png (
PNG copy)> <./iteracion1/GUIAlumno.png (PNG copy)>]
Underfull \hbox (badness 10000) in paragraph at lines 169--171

 []


Underfull \hbox (badness 10000) in paragraph at lines 176--178

 []

[29 <./iteracion1/secConectar.png (PNG copy)>]
Underfull \hbox (badness 10000) in paragraph at lines 188--190

 []


Underfull \hbox (badness 10000) in paragraph at lines 192--194

 []


Underfull \hbox (badness 10000) in paragraph at lines 200--202

 []


Underfull \hbox (badness 10000) in paragraph at lines 208--210

 []


Underfull \hbox (badness 10000) in paragraph at lines 212--214

 []

) (./iteracion2/iteracion2.tex [30]
Cap\'{\i }tulo 6.

Underfull \hbox (badness 10000) in paragraph at lines 15--18

 []


Underfull \hbox (badness 10000) in paragraph at lines 19--21

 []


Underfull \hbox (badness 10000) in paragraph at lines 22--24

 []


Underfull \hbox (badness 10000) in paragraph at lines 25--27

 []

\openout3 = `pfc.mtc'.

\openout3 = `pfc.mtc'.

(./pfc.mtc6)
Overfull \hbox (18.93263pt too wide) in paragraph at lines 32--50
[][] 
 []


Overfull \hbox (18.93263pt too wide) in paragraph at lines 55--77
[][] 
 []


Overfull \hbox (18.93263pt too wide) in paragraph at lines 84--123
[][] 
 []

[31


] [32] <iteracion2/tiempoRestante.png, id=202, 414.04688pt x 254.45062pt>
File: iteracion2/tiempoRestante.png Graphic file (type png)

<use iteracion2/tiempoRestante.png>
Underfull \hbox (badness 10000) in paragraph at lines 154--156

 []


Underfull \hbox (badness 10000) in paragraph at lines 157--159

 []

[33]
Underfull \hbox (badness 10000) in paragraph at lines 170--172

 []


Underfull \hbox (badness 10000) in paragraph at lines 173--175

 []


Underfull \hbox (badness 10000) in paragraph at lines 183--185

 []


Underfull \vbox (badness 2119) has occurred while \output is active []

 [34 <./iteracion2/tiempoRestante.png (PNG copy)>]) (./implementacion/implement
acion.tex
[35] [36]
Cap\'{\i }tulo 7.
\openout3 = `pfc.mtc'.

\openout3 = `pfc.mtc'.

(./pfc.mtc7)
Underfull \hbox (badness 10000) in paragraph at lines 18--20

 []


Underfull \hbox (badness 10000) in paragraph at lines 21--23

 []


Underfull \hbox (badness 10000) in paragraph at lines 24--26

 []

[37


]
Underfull \hbox (badness 10000) in paragraph at lines 85--87

 []

[38]
Underfull \hbox (badness 10000) in paragraph at lines 88--90

 []


Underfull \hbox (badness 10000) in paragraph at lines 116--118

 []


Underfull \hbox (badness 10000) in paragraph at lines 124--126

 []


Underfull \hbox (badness 10000) in paragraph at lines 128--130

 []

[39]
Underfull \hbox (badness 10000) in paragraph at lines 132--134

 []


Underfull \hbox (badness 10000) in paragraph at lines 136--138

 []


Underfull \hbox (badness 10000) in paragraph at lines 140--142

 []


Underfull \hbox (badness 10000) in paragraph at lines 144--146

 []


Underfull \hbox (badness 10000) in paragraph at lines 149--151

 []


Underfull \hbox (badness 10000) in paragraph at lines 153--155

 []


Underfull \hbox (badness 10000) in paragraph at lines 157--159

 []


Underfull \hbox (badness 10000) in paragraph at lines 162--164

 []


Underfull \hbox (badness 10000) in paragraph at lines 166--168

 []

[40]
Underfull \hbox (badness 10000) in paragraph at lines 170--172

 []


Underfull \hbox (badness 10000) in paragraph at lines 175--177

 []


Underfull \hbox (badness 10000) in paragraph at lines 179--181

 []


Underfull \hbox (badness 10000) in paragraph at lines 184--186

 []


Underfull \hbox (badness 10000) in paragraph at lines 188--190

 []


Underfull \hbox (badness 10000) in paragraph at lines 194--196

 []

) (./futuro/futuro.tex [41] [42

]
Cap\'{\i }tulo 8.

Underfull \hbox (badness 10000) in paragraph at lines 17--19

 []


Underfull \hbox (badness 10000) in paragraph at lines 20--22

 []


Underfull \hbox (badness 10000) in paragraph at lines 23--25

 []


Underfull \hbox (badness 10000) in paragraph at lines 27--29

 []

[43

]
Underfull \hbox (badness 10000) in paragraph at lines 30--32

 []


LaTeX Warning: Reference `sec:implementacion:pruebas' on page 44 undefined on i
nput line 34.


Underfull \hbox (badness 10000) in paragraph at lines 34--36

 []

[44]) (./config/bibliography.tex [45] [46

]) (./pfc.bbl)
Package minitoc Info: I0009
(minitoc)             Listing minitoc auxiliary files. 
(minitoc)             Creating the pfc.maf file.
\openout3 = `pfc.maf'.

Package minitoc(hints) Info: I0019
(minitoc(hints))             No hints have been written 
(minitoc(hints))             in the pfc.log file..
 [47

] (./pfc.aux)

LaTeX Warning: There were undefined references.


LaTeX Warning: There were multiply-defined labels.

 ) 
Here is how much of TeX's memory you used:
 4999 strings out of 493763
 66302 string characters out of 3148267
 147719 words of memory out of 3000000
 7850 multiletter control sequences out of 15000+200000
 27595 words of font info for 68 fonts, out of 3000000 for 9000
 716 hyphenation exceptions out of 8191
 38i,12n,43p,1255b,478s stack positions out of 5000i,500n,10000p,200000b,50000s
{c:/texlive/2010/texmf-dist/fonts/enc/dvips/cm-super/cm-super-t1.enc}<c:/texl
ive/2010/texmf-dist/fonts/type1/public/amsfonts/cm/cmsy10.pfb><c:/texlive/2010/
texmf-dist/fonts/type1/public/cm-super/sfbl1095.pfb><c:/texlive/2010/texmf-dist
/fonts/type1/public/cm-super/sfbx1000.pfb><c:/texlive/2010/texmf-dist/fonts/typ
e1/public/cm-super/sfbx1095.pfb><c:/texlive/2010/texmf-dist/fonts/type1/public/
cm-super/sfbx1200.pfb><c:/texlive/2010/texmf-dist/fonts/type1/public/cm-super/s
fbx1440.pfb><c:/texlive/2010/texmf-dist/fonts/type1/public/cm-super/sfbx2074.pf
b><c:/texlive/2010/texmf-dist/fonts/type1/public/cm-super/sfbx2488.pfb><c:/texl
ive/2010/texmf-dist/fonts/type1/public/cm-super/sfrm0600.pfb><c:/texlive/2010/t
exmf-dist/fonts/type1/public/cm-super/sfrm0800.pfb><c:/texlive/2010/texmf-dist/
fonts/type1/public/cm-super/sfrm0900.pfb><c:/texlive/2010/texmf-dist/fonts/type
1/public/cm-super/sfrm1095.pfb><c:/texlive/2010/texmf-dist/fonts/type1/public/c
m-super/sfrm1200.pfb><c:/texlive/2010/texmf-dist/fonts/type1/public/cm-super/sf
rm1440.pfb><c:/texlive/2010/texmf-dist/fonts/type1/public/cm-super/sfrm1728.pfb
><c:/texlive/2010/texmf-dist/fonts/type1/public/cm-super/sfrm2488.pfb><c:/texli
ve/2010/texmf-dist/fonts/type1/public/cm-super/sfsl1095.pfb><c:/texlive/2010/te
xmf-dist/fonts/type1/public/cm-super/sfti0900.pfb><c:/texlive/2010/texmf-dist/f
onts/type1/public/cm-super/sfti1095.pfb><c:/texlive/2010/texmf-dist/fonts/type1
/urw/zapfding/uzdr.pfb>
Output written on pfc.pdf (64 pages, 1335443 bytes).
PDF statistics:
 317 PDF objects out of 1000 (max. 8388607)
 210 compressed objects within 3 object streams
 0 named destinations out of 1000 (max. 500000)
 71 words of extra memory for PDF output out of 10000 (max. 10000000)

