\BOOKMARK [1][-]{section.1}{Descripci\363n}{}% 1
\BOOKMARK [1][-]{section.2}{Requisitos}{}% 2
\BOOKMARK [2][-]{subsection.2.1}{Requisitos hardware}{section.2}% 3
\BOOKMARK [2][-]{subsection.2.2}{Requisitos software}{section.2}% 4
\BOOKMARK [1][-]{section.3}{Instalaci\363n y desinstalaci\363n}{}% 5
\BOOKMARK [2][-]{subsection.3.1}{Instalaci\363n}{section.3}% 6
\BOOKMARK [3][-]{subsubsection.3.1.1}{Visual}{subsection.3.1}% 7
\BOOKMARK [3][-]{subsubsection.3.1.2}{Consola}{subsection.3.1}% 8
\BOOKMARK [3][-]{subsubsection.3.1.3}{Compilar c\363digo fuente}{subsection.3.1}% 9
\BOOKMARK [2][-]{subsection.3.2}{Desinstalaci\363n}{section.3}% 10
\BOOKMARK [3][-]{subsubsection.3.2.1}{Visual}{subsection.3.2}% 11
\BOOKMARK [3][-]{subsubsection.3.2.2}{Consola}{subsection.3.2}% 12
\BOOKMARK [1][-]{section.4}{Aplicaci\363n del profesor}{}% 13
\BOOKMARK [2][-]{subsection.4.1}{Breve explicaci\363n de cada componente}{section.4}% 14
\BOOKMARK [2][-]{subsection.4.2}{Enviar fichero de enunciado}{section.4}% 15
\BOOKMARK [2][-]{subsection.4.3}{Comienzo de prueba}{section.4}% 16
\BOOKMARK [3][-]{subsubsection.4.3.1}{Pruebas temporizadas}{subsection.4.3}% 17
\BOOKMARK [2][-]{subsection.4.4}{Finalizaci\363n de prueba}{section.4}% 18
\BOOKMARK [3][-]{subsubsection.4.4.1}{Recogida de resultados}{subsection.4.4}% 19
\BOOKMARK [1][-]{section.5}{Aplicaci\363n del alumno}{}% 20
\BOOKMARK [2][-]{subsection.5.1}{Breve explicaci\363n de cada componente}{section.5}% 21
\BOOKMARK [2][-]{subsection.5.2}{Conectarse}{section.5}% 22
\BOOKMARK [3][-]{subsubsection.5.2.1}{Obtener IP}{subsection.5.2}% 23
\BOOKMARK [2][-]{subsection.5.3}{Finalizaci\363n de prueba}{section.5}% 24
\BOOKMARK [3][-]{subsubsection.5.3.1}{Env\355o de resultados}{subsection.5.3}% 25
\BOOKMARK [1][-]{section.6}{Protecci\363n frente a errores en el sistema}{}% 26
